0 info it worked if it ends with ok
1 verbose cli [ '/Users/augustbrenner/.nvm/versions/node/v6.11.1/bin/node',
1 verbose cli   '/Users/augustbrenner/.nvm/versions/node/v6.11.1/bin/npm',
1 verbose cli   'unpublish',
1 verbose cli   '--force' ]
2 info using npm@3.10.10
3 info using node@v6.11.1
4 warn using --force I sure hope you know what you are doing.
5 silly unpublish args[0] undefined
6 silly unpublish thing {}
7 verbose unpublish { author: { name: 'Sander Pick', url: 'git://github.com/sanderpick' },
7 verbose unpublish   name: 'shipwire-node-promise',
7 verbose unpublish   description: 'Promise based NodeJS client library for the Shipwire API',
7 verbose unpublish   version: '0.0.1',
7 verbose unpublish   repository:
7 verbose unpublish    { type: 'git',
7 verbose unpublish      url: 'git+ssh://git@github.com/AugustBrenner/shipwire-node-promise.git' },
7 verbose unpublish   dependencies:
7 verbose unpublish    { config: '^1.21.1',
7 verbose unpublish      request: '^2.83.0',
7 verbose unpublish      'request-promise': '^4.2.2',
7 verbose unpublish      underscore: '^1.8.3' },
7 verbose unpublish   devDependencies: { mocha: '~3.2.0', jshint: '^2.9.4' },
7 verbose unpublish   scripts: { test: 'test/run_tests.sh', lint: 'jshint .' },
7 verbose unpublish   readme: '# Shipwire API\n\n![Version npm][npm-shipwire-api-badge]\n\nPromise Based Shipwire API Bindings.\n\nForked from sanderpick/shipwire-node.\nREADME format was adapted from MONEI/Shopify-api-node (very clean and helpful).\n\n## Installation:\n\n```shell\n$ npm install --save shipwire-node-promise\n```\n\n## API\n\nThis module exports a constructor function which takes an options object.\n\n### `Shipwire(options)`\n\nCreates a new `Shipwire` instance.\n\n#### Arguments\n\n- `options` - Required - A plain JavaScript object that contains the\nconfiguration options.\n\n#### Options\n- `username` - Required - A string that specifies the login username.\n- `password` - Required - A string that specifies the login password.\n- `host` - Optional - A string that specifies the host to make requests to.\n    Defaults to `"api.beta.shipwire.com"`\n\n#### Return value\n\nA `Shipwire` instance.\n\n#### Exceptions\n\nThrows an `Error` exception if the required options are missing.\n\n#### Example\n\n```js\nconst Shipwire = require(\'shipwire-node-promise\');\n\nconst shipwire = new Shipwire({\n  host: "api.shipwire.com",\n  username: "<USERNAME>",\n  password: "<PASSWORD>"\n});\n```\n\n\n### Resources\n\nEvery resource is accessed via your `shipwire` instance:\n\n```js\nconst shipwire = new Shipwire({\n  host: "api.shipwire.com",\n  username: "<USERNAME>",\n  password: "<PASSWORD>"\n});\n\n// shipwire.<resouce_name>.<method_name>\n```\n\nEach method returns a `Promise` that resolves with the result:\n\n```js\nshipwire.orders.get()\n  .then(orders => console.log(orders))\n  .catch(err => console.error(err));\n```\n\n\n\n### Available resources and methods\n\n- orders\n  - `get()`\n  - `create()`\n  - `update()`\n  - `cancel()`\n  - `getHolds()`\n  - `getItems()`\n  - `getReturns()`\n  - `getTrackings()`\n- stock\n  - `get()`\n- rate\n  - `get()`\n- receivings\n  - `get()`\n  - `create()`\n  - `update()`\n  - `cancel()`\n  - `cancelLabels()`\n  - `getHolds()`\n  - `getInstructionsRecipients()`\n  - `getItems()`\n  - `getShipments()`\n  - `getTrackings()`\n- returns\n  - `get()`\n  - `create()`\n  - `cancel()`\n  - `getHolds()`\n  - `getItems()`\n  - `getTrackings()`\n  - `getLabels()`\n- products\n  - `get()`\n  - `create()`\n  - `update()`\n  - `retire()`\n- webhooks\n  - `get()`\n  - `create()`\n  - `update()`\n  - `delete()`\n- secret\n  - `get()`\n  - `create()`\n  - `delete()`\n\n\n\nwhere `params` is a plain JavaScript object. See https://www.shipwire.com/w/developers/\nfor parameters details.\n\n##  Shipwire Resources:\n\n* [Getting Started][getting-started]\n* [Using the API][api-docs-tutorial]\n* [Webhooks Guide][webhooks-guide]\n* [Become a Partner][become-a-partner]\n\n\n[npm-shipwire-api-badge]: https://img.shields.io/badge/npm-v1.0.1-blue.svg\n[getting-started]: www.shipwire.com/w/developers/getting-started/\n[api-docs-tutorial]: https://www.shipwire.com/w/developers/tutorial/\n[webhooks-guide]: https://www.shipwire.com/w/developers/webhooks-guide/\n[become-a-partner]: https://www.shipwire.com/partners/',
7 verbose unpublish   readmeFilename: 'README.md',
7 verbose unpublish   gitHead: 'b58fad5566a8bde3cdae65603e99e466d44c78ff',
7 verbose unpublish   bugs: { url: 'https://github.com/AugustBrenner/shipwire-node-promise/issues' },
7 verbose unpublish   homepage: 'https://github.com/AugustBrenner/shipwire-node-promise#readme',
7 verbose unpublish   _id: 'shipwire-node-promise@0.0.1' }
8 verbose getPublishConfig undefined
9 silly ls normalized shipwire-node-promise/0.0.1
10 silly gentlyRm /Users/augustbrenner/.npm/shipwire-node-promise/0.0.1 is being purged
11 verbose gentlyRm don't care about contents; nuking /Users/augustbrenner/.npm/shipwire-node-promise/0.0.1
12 silly vacuum-fs purging /Users/augustbrenner/.npm/shipwire-node-promise/0.0.1
13 silly vacuum-fs removing /Users/augustbrenner/.npm/shipwire-node-promise
14 silly vacuum-fs quitting because other entries in /Users/augustbrenner/.npm
15 silly mapToRegistry name shipwire-node-promise
16 silly mapToRegistry using default registry
17 silly mapToRegistry registry https://registry.npmjs.org/
18 silly mapToRegistry data Result {
18 silly mapToRegistry   raw: 'shipwire-node-promise',
18 silly mapToRegistry   scope: null,
18 silly mapToRegistry   escapedName: 'shipwire-node-promise',
18 silly mapToRegistry   name: 'shipwire-node-promise',
18 silly mapToRegistry   rawSpec: '',
18 silly mapToRegistry   spec: 'latest',
18 silly mapToRegistry   type: 'tag' }
19 silly mapToRegistry uri https://registry.npmjs.org/shipwire-node-promise
20 verbose get GET as part of write; not caching result
21 verbose request uri https://registry.npmjs.org/shipwire-node-promise?write=true
22 verbose request no auth needed
23 info attempt registry request try #1 at 8:07:19 PM
24 verbose request using bearer token for auth
25 verbose request id aa735a4035c63c47
26 http request GET https://registry.npmjs.org/shipwire-node-promise?write=true
27 http 200 https://registry.npmjs.org/shipwire-node-promise?write=true
28 verbose headers { server: 'CouchDB/1.5.0 (Erlang OTP/R16B03)',
28 verbose headers   'content-type': 'application/json',
28 verbose headers   etag: '"59e2bcc8-856"',
28 verbose headers   'content-encoding': 'gzip',
28 verbose headers   'cache-control': 'max-age=0',
28 verbose headers   'transfer-encoding': 'chunked',
28 verbose headers   'accept-ranges': 'bytes',
28 verbose headers   date: 'Sun, 15 Oct 2017 03:07:19 GMT',
28 verbose headers   via: '1.1 varnish',
28 verbose headers   connection: 'keep-alive',
28 verbose headers   'x-served-by': 'cache-pao17423-PAO',
28 verbose headers   'x-cache': 'MISS',
28 verbose headers   'x-cache-hits': '0',
28 verbose headers   'x-timer': 'S1508036840.528226,VS0,VE131',
28 verbose headers   vary: 'Accept-Encoding' }
29 silly get cb [ 200,
29 silly get   { server: 'CouchDB/1.5.0 (Erlang OTP/R16B03)',
29 silly get     'content-type': 'application/json',
29 silly get     etag: '"59e2bcc8-856"',
29 silly get     'content-encoding': 'gzip',
29 silly get     'cache-control': 'max-age=0',
29 silly get     'transfer-encoding': 'chunked',
29 silly get     'accept-ranges': 'bytes',
29 silly get     date: 'Sun, 15 Oct 2017 03:07:19 GMT',
29 silly get     via: '1.1 varnish',
29 silly get     connection: 'keep-alive',
29 silly get     'x-served-by': 'cache-pao17423-PAO',
29 silly get     'x-cache': 'MISS',
29 silly get     'x-cache-hits': '0',
29 silly get     'x-timer': 'S1508036840.528226,VS0,VE131',
29 silly get     vary: 'Accept-Encoding' } ]
30 verbose get saving shipwire-node-promise to /Users/augustbrenner/.npm/registry.npmjs.org/shipwire-node-promise_3Fwrite_3Dtrue/.cache.json
31 verbose correctMkdir /Users/augustbrenner/.npm correctMkdir not in flight; initializing
32 verbose unpublish removing attachments { shasum: '0ce48bc643e59a6426ceef22c16b432ca47ae744',
32 verbose unpublish   tarball: 'https://registry.npmjs.org/shipwire-node-promise/-/shipwire-node-promise-0.0.1.tgz' }
33 info unpublish No versions remain, removing entire package
34 verbose request uri https://registry.npmjs.org/shipwire-node-promise/-rev/1-f2e5a7283f34fe6b7cd3a776b7ad9883
35 verbose request sending authorization for write operation
36 info attempt registry request try #1 at 8:07:19 PM
37 verbose request using bearer token for auth
38 http request DELETE https://registry.npmjs.org/shipwire-node-promise/-rev/1-f2e5a7283f34fe6b7cd3a776b7ad9883
39 http 503 https://registry.npmjs.org/shipwire-node-promise/-rev/1-f2e5a7283f34fe6b7cd3a776b7ad9883
40 verbose bad json <?xml version="1.0" encoding="utf-8"?>
40 verbose bad json <!DOCTYPE html PUBLIC "-//W3C//DTD XHTML 1.0 Strict//EN"
40 verbose bad json  "http://www.w3.org/TR/xhtml1/DTD/xhtml1-strict.dtd">
40 verbose bad json <html>
40 verbose bad json   <head>
40 verbose bad json     <title>503 first byte timeout</title>
40 verbose bad json   </head>
40 verbose bad json   <body>
40 verbose bad json     <h1>Error 503 first byte timeout</h1>
40 verbose bad json     <p>first byte timeout</p>
40 verbose bad json     <h3>Guru Mediation:</h3>
40 verbose bad json     <p>Details: cache-pao17423-PAO 1508036871 3225921112</p>
40 verbose bad json     <hr>
40 verbose bad json     <p>Varnish cache server</p>
40 verbose bad json   </body>
40 verbose bad json </html>
41 error registry error parsing json
42 verbose headers { server: 'Varnish',
42 verbose headers   'retry-after': '0',
42 verbose headers   'content-type': 'text/html; charset=utf-8',
42 verbose headers   'content-length': '449',
42 verbose headers   'accept-ranges': 'bytes',
42 verbose headers   date: 'Sun, 15 Oct 2017 03:07:50 GMT',
42 verbose headers   via: '1.1 varnish',
42 verbose headers   connection: 'close',
42 verbose headers   'x-served-by': 'cache-pao17423-PAO',
42 verbose headers   'x-cache': 'MISS',
42 verbose headers   'x-cache-hits': '0',
42 verbose headers   'x-timer': 'S1508036840.705580,VS0,VE31142' }
43 info retry will retry, error on last attempt: SyntaxError: Unexpected token < in JSON at position 1
43 info retry
43 info retry <?xml version="1.0" encoding="utf-8"?>
43 info retry <!DOCTYPE html PUBLIC "-//W3C//DTD XHTML 1.0 Strict//EN"
43 info retry  "http://www.w3.org/TR/xhtml1/DTD/xhtml1-strict.dtd">
43 info retry <html>
43 info retry   <head>
43 info retry     <title>503 first byte timeout</title>
43 info retry   </head>
43 info retry   <body>
43 info retry     <h1>Error 503 first byte timeout</h1>
43 info retry     <p>first byte timeout</p>
43 info retry     <h3>Guru Mediation:</h3>
43 info retry     <p>Details: cache-pao17423-PAO 1508036871 3225921112</p>
43 info retry     <hr>
43 info retry     <p>Varnish cache server</p>
43 info retry   </body>
43 info retry </html>
44 info attempt registry request try #2 at 8:08:00 PM
45 verbose request using bearer token for auth
46 http request DELETE https://registry.npmjs.org/shipwire-node-promise/-rev/1-f2e5a7283f34fe6b7cd3a776b7ad9883
47 http 403 https://registry.npmjs.org/shipwire-node-promise/-rev/1-f2e5a7283f34fe6b7cd3a776b7ad9883
48 verbose headers { 'content-type': 'application/json',
48 verbose headers   'cache-control': 'max-age=300',
48 verbose headers   'content-length': '115',
48 verbose headers   'accept-ranges': 'bytes',
48 verbose headers   date: 'Sun, 15 Oct 2017 03:08:01 GMT',
48 verbose headers   via: '1.1 varnish',
48 verbose headers   connection: 'keep-alive',
48 verbose headers   'x-served-by': 'cache-pao17422-PAO',
48 verbose headers   'x-cache': 'MISS',
48 verbose headers   'x-cache-hits': '0',
48 verbose headers   'x-timer': 'S1508036881.954011,VS0,VE179',
48 verbose headers   vary: 'Accept-Encoding, Accept' }
49 verbose request invalidating /Users/augustbrenner/.npm/registry.npmjs.org/shipwire-node-promise on DELETE
50 verbose stack Error: You do not have permission to publish "shipwire-node-promise". Are you logged in as the correct user? : shipwire-node-promise
50 verbose stack     at makeError (/Users/augustbrenner/.nvm/versions/node/v6.11.1/lib/node_modules/npm/node_modules/npm-registry-client/lib/request.js:302:12)
50 verbose stack     at CachingRegistryClient.<anonymous> (/Users/augustbrenner/.nvm/versions/node/v6.11.1/lib/node_modules/npm/node_modules/npm-registry-client/lib/request.js:290:14)
50 verbose stack     at Request._callback (/Users/augustbrenner/.nvm/versions/node/v6.11.1/lib/node_modules/npm/node_modules/npm-registry-client/lib/request.js:210:14)
50 verbose stack     at Request.self.callback (/Users/augustbrenner/.nvm/versions/node/v6.11.1/lib/node_modules/npm/node_modules/request/request.js:187:22)
50 verbose stack     at emitTwo (events.js:106:13)
50 verbose stack     at Request.emit (events.js:191:7)
50 verbose stack     at Request.<anonymous> (/Users/augustbrenner/.nvm/versions/node/v6.11.1/lib/node_modules/npm/node_modules/request/request.js:1048:10)
50 verbose stack     at emitOne (events.js:96:13)
50 verbose stack     at Request.emit (events.js:188:7)
50 verbose stack     at IncomingMessage.<anonymous> (/Users/augustbrenner/.nvm/versions/node/v6.11.1/lib/node_modules/npm/node_modules/request/request.js:969:12)
51 verbose statusCode 403
52 verbose pkgid shipwire-node-promise
53 verbose cwd /Users/augustbrenner/Documents/shipwire-node-promise
54 error Darwin 15.6.0
55 error argv "/Users/augustbrenner/.nvm/versions/node/v6.11.1/bin/node" "/Users/augustbrenner/.nvm/versions/node/v6.11.1/bin/npm" "unpublish" "--force"
56 error node v6.11.1
57 error npm  v3.10.10
58 error code E403
59 error You do not have permission to publish "shipwire-node-promise". Are you logged in as the correct user? : shipwire-node-promise
60 error If you need help, you may report this error at:
60 error     <https://github.com/npm/npm/issues>
61 verbose exit [ 1, true ]
